0 info it worked if it ends with ok
1 verbose cli [ '/usr/bin/nodejs', '/usr/bin/npm', 'install' ]
2 info using npm@3.5.2
3 info using node@v4.2.6
4 silly loadCurrentTree Starting
5 silly install loadCurrentTree
6 silly install readLocalPackageData
7 silly install normalizeTree
8 silly loadCurrentTree Finishing
9 silly loadIdealTree Starting
10 silly install loadIdealTree
11 silly cloneCurrentTree Starting
12 silly install cloneCurrentTreeToIdealTree
13 silly cloneCurrentTree Finishing
14 silly loadShrinkwrap Starting
15 silly install loadShrinkwrap
16 silly loadShrinkwrap Finishing
17 silly loadAllDepsIntoIdealTree Starting
18 silly install loadAllDepsIntoIdealTree
19 silly fetchNamedPackageData socket.io
20 silly mapToRegistry name socket.io
21 silly mapToRegistry using default registry
22 silly mapToRegistry registry https://registry.npmjs.org/
23 silly mapToRegistry uri https://registry.npmjs.org/socket.io
24 verbose request uri https://registry.npmjs.org/socket.io
25 verbose request no auth needed
26 info attempt registry request try #1 at 2:15:44 PM
27 verbose request id ef7d8a1e6bc122e9
28 verbose etag W/"588a7469-242f3"
29 verbose lastModified Thu, 26 Jan 2017 22:12:57 GMT
30 http request GET https://registry.npmjs.org/socket.io
31 http 304 https://registry.npmjs.org/socket.io
32 verbose headers { date: 'Sat, 28 Jan 2017 13:15:44 GMT',
32 verbose headers   via: '1.1 varnish',
32 verbose headers   'cache-control': 'max-age=300',
32 verbose headers   etag: 'W/"588a7469-242f3"',
32 verbose headers   age: '157',
32 verbose headers   connection: 'keep-alive',
32 verbose headers   'x-served-by': 'cache-lhr6347-LHR',
32 verbose headers   'x-cache': 'HIT',
32 verbose headers   'x-cache-hits': '1',
32 verbose headers   'x-timer': 'S1485609344.363914,VS0,VE0',
32 verbose headers   vary: 'Accept-Encoding' }
33 silly get cb [ 304,
33 silly get   { date: 'Sat, 28 Jan 2017 13:15:44 GMT',
33 silly get     via: '1.1 varnish',
33 silly get     'cache-control': 'max-age=300',
33 silly get     etag: 'W/"588a7469-242f3"',
33 silly get     age: '157',
33 silly get     connection: 'keep-alive',
33 silly get     'x-served-by': 'cache-lhr6347-LHR',
33 silly get     'x-cache': 'HIT',
33 silly get     'x-cache-hits': '1',
33 silly get     'x-timer': 'S1485609344.363914,VS0,VE0',
33 silly get     vary: 'Accept-Encoding' } ]
34 verbose etag https://registry.npmjs.org/socket.io from cache
35 verbose get saving socket.io to /home/prevos_i/.npm/registry.npmjs.org/socket.io/.cache.json
36 silly resolveWithNewModule socket.io@1.7.2 checking installable status
37 silly cache add args [ 'socket.io@^1.7.2', null ]
38 verbose cache add spec socket.io@^1.7.2
39 silly cache add parsed spec Result {
39 silly cache add   raw: 'socket.io@^1.7.2',
39 silly cache add   scope: null,
39 silly cache add   name: 'socket.io',
39 silly cache add   rawSpec: '^1.7.2',
39 silly cache add   spec: '>=1.7.2 <2.0.0',
39 silly cache add   type: 'range' }
40 silly addNamed socket.io@>=1.7.2 <2.0.0
41 verbose addNamed ">=1.7.2 <2.0.0" is a valid semver range for socket.io
42 silly addNameRange { name: 'socket.io', range: '>=1.7.2 <2.0.0', hasData: false }
43 silly mapToRegistry name socket.io
44 silly mapToRegistry using default registry
45 silly mapToRegistry registry https://registry.npmjs.org/
46 silly mapToRegistry uri https://registry.npmjs.org/socket.io
47 verbose addNameRange registry:https://registry.npmjs.org/socket.io not in flight; fetching
48 verbose get https://registry.npmjs.org/socket.io not expired, no request
49 silly addNameRange number 2 { name: 'socket.io', range: '>=1.7.2 <2.0.0', hasData: true }
50 silly addNameRange versions [ 'socket.io',
50 silly addNameRange   [ '0.3.8',
50 silly addNameRange     '0.4.0',
50 silly addNameRange     '0.4.1',
50 silly addNameRange     '0.5.1',
50 silly addNameRange     '0.5.3',
50 silly addNameRange     '0.6.0',
50 silly addNameRange     '0.6.1',
50 silly addNameRange     '0.6.3',
50 silly addNameRange     '0.6.4',
50 silly addNameRange     '0.6.5',
50 silly addNameRange     '0.6.6',
50 silly addNameRange     '0.6.7',
50 silly addNameRange     '0.6.8',
50 silly addNameRange     '0.6.9',
50 silly addNameRange     '0.6.10',
50 silly addNameRange     '0.6.11',
50 silly addNameRange     '0.6.12',
50 silly addNameRange     '0.6.14',
50 silly addNameRange     '0.6.15',
50 silly addNameRange     '0.6.16',
50 silly addNameRange     '0.6.17',
50 silly addNameRange     '0.6.18',
50 silly addNameRange     '0.7.0',
50 silly addNameRange     '0.7.1',
50 silly addNameRange     '0.7.2',
50 silly addNameRange     '0.7.3',
50 silly addNameRange     '0.7.4',
50 silly addNameRange     '0.7.5',
50 silly addNameRange     '0.7.6',
50 silly addNameRange     '0.7.7',
50 silly addNameRange     '0.7.8',
50 silly addNameRange     '0.7.9',
50 silly addNameRange     '0.7.10',
50 silly addNameRange     '0.7.11',
50 silly addNameRange     '0.8.0',
50 silly addNameRange     '0.8.1',
50 silly addNameRange     '0.8.2',
50 silly addNameRange     '0.8.3',
50 silly addNameRange     '0.8.4',
50 silly addNameRange     '0.8.5',
50 silly addNameRange     '0.8.6',
50 silly addNameRange     '0.8.7',
50 silly addNameRange     '0.9.0',
50 silly addNameRange     '0.9.1',
50 silly addNameRange     '0.9.1-1',
50 silly addNameRange     '0.9.2',
50 silly addNameRange     '0.9.3',
50 silly addNameRange     '0.9.4',
50 silly addNameRange     '0.9.5',
50 silly addNameRange     '0.9.6',
50 silly addNameRange     '0.9.7',
50 silly addNameRange     '0.9.8',
50 silly addNameRange     '0.9.9',
50 silly addNameRange     '0.9.10',
50 silly addNameRange     '0.9.11',
50 silly addNameRange     '0.9.12',
50 silly addNameRange     '0.9.13',
50 silly addNameRange     '0.9.14',
50 silly addNameRange     '0.9.15',
50 silly addNameRange     '0.9.16',
50 silly addNameRange     '1.0.0-pre',
50 silly addNameRange     '1.0.0-pre2',
50 silly addNameRange     '1.0.0-pre3',
50 silly addNameRange     '1.0.0-pre4',
50 silly addNameRange     '1.0.0-pre5',
50 silly addNameRange     '0.9.17',
50 silly addNameRange     '1.0.0',
50 silly addNameRange     '1.0.1',
50 silly addNameRange     '1.0.2',
50 silly addNameRange     '1.0.3',
50 silly addNameRange     '1.0.4',
50 silly addNameRange     '1.0.5',
50 silly addNameRange     '1.0.6',
50 silly addNameRange     '1.1.0',
50 silly addNameRange     '1.2.0',
50 silly addNameRange     '1.2.1',
50 silly addNameRange     '1.3.0',
50 silly addNameRange     '1.3.1',
50 silly addNameRange     '1.3.2',
50 silly addNameRange     '1.3.3',
50 silly addNameRange     '1.3.4',
50 silly addNameRange     '1.3.5',
50 silly addNameRange     '1.3.6',
50 silly addNameRange     '1.3.7',
50 silly addNameRange     '1.4.0',
50 silly addNameRange     '1.4.1',
50 silly addNameRange     '1.4.2',
50 silly addNameRange     '1.4.3',
50 silly addNameRange     '1.4.4',
50 silly addNameRange     '1.4.5',
50 silly addNameRange     '1.4.6',
50 silly addNameRange     '1.4.7',
50 silly addNameRange     '1.4.8',
50 silly addNameRange     '1.5.0',
50 silly addNameRange     '1.5.1',
50 silly addNameRange     '1.6.0',
50 silly addNameRange     '1.7.0',
50 silly addNameRange     '1.7.1',
50 silly addNameRange     '1.7.2' ] ]
51 silly addNamed socket.io@1.7.2
52 verbose addNamed "1.7.2" is a plain semver version for socket.io
53 silly cache afterAdd socket.io@1.7.2
54 verbose afterAdd /home/prevos_i/.npm/socket.io/1.7.2/package/package.json not in flight; writing
55 verbose afterAdd /home/prevos_i/.npm/socket.io/1.7.2/package/package.json written
56 silly fetchNamedPackageData debug
57 silly mapToRegistry name debug
58 silly mapToRegistry using default registry
59 silly mapToRegistry registry https://registry.npmjs.org/
60 silly mapToRegistry uri https://registry.npmjs.org/debug
61 verbose request uri https://registry.npmjs.org/debug
62 verbose request no auth needed
63 info attempt registry request try #1 at 2:15:44 PM
64 verbose etag W/"588c6923-fd29"
65 verbose lastModified Sat, 28 Jan 2017 09:49:23 GMT
66 http request GET https://registry.npmjs.org/debug
67 http 304 https://registry.npmjs.org/debug
68 verbose headers { date: 'Sat, 28 Jan 2017 13:15:44 GMT',
68 verbose headers   via: '1.1 varnish',
68 verbose headers   'cache-control': 'max-age=300',
68 verbose headers   etag: 'W/"588c6923-fd29"',
68 verbose headers   age: '6',
68 verbose headers   connection: 'keep-alive',
68 verbose headers   'x-served-by': 'cache-lhr6348-LHR',
68 verbose headers   'x-cache': 'HIT',
68 verbose headers   'x-cache-hits': '2',
68 verbose headers   'x-timer': 'S1485609344.765593,VS0,VE0',
68 verbose headers   vary: 'Accept-Encoding' }
69 silly get cb [ 304,
69 silly get   { date: 'Sat, 28 Jan 2017 13:15:44 GMT',
69 silly get     via: '1.1 varnish',
69 silly get     'cache-control': 'max-age=300',
69 silly get     etag: 'W/"588c6923-fd29"',
69 silly get     age: '6',
69 silly get     connection: 'keep-alive',
69 silly get     'x-served-by': 'cache-lhr6348-LHR',
69 silly get     'x-cache': 'HIT',
69 silly get     'x-cache-hits': '2',
69 silly get     'x-timer': 'S1485609344.765593,VS0,VE0',
69 silly get     vary: 'Accept-Encoding' } ]
70 verbose etag https://registry.npmjs.org/debug from cache
71 verbose get saving debug to /home/prevos_i/.npm/registry.npmjs.org/debug/.cache.json
72 silly resolveWithNewModule debug@2.3.3 checking installable status
73 silly cache add args [ 'debug@2.3.3', null ]
74 verbose cache add spec debug@2.3.3
75 silly cache add parsed spec Result {
75 silly cache add   raw: 'debug@2.3.3',
75 silly cache add   scope: null,
75 silly cache add   name: 'debug',
75 silly cache add   rawSpec: '2.3.3',
75 silly cache add   spec: '2.3.3',
75 silly cache add   type: 'version' }
76 silly addNamed debug@2.3.3
77 verbose addNamed "2.3.3" is a plain semver version for debug
78 silly mapToRegistry name debug
79 silly mapToRegistry using default registry
80 silly mapToRegistry registry https://registry.npmjs.org/
81 silly mapToRegistry uri https://registry.npmjs.org/debug
82 verbose addNameVersion registry:https://registry.npmjs.org/debug not in flight; fetching
83 verbose get https://registry.npmjs.org/debug not expired, no request
84 silly cache afterAdd debug@2.3.3
85 verbose afterAdd /home/prevos_i/.npm/debug/2.3.3/package/package.json not in flight; writing
86 verbose afterAdd /home/prevos_i/.npm/debug/2.3.3/package/package.json written
87 silly fetchNamedPackageData ms
88 silly mapToRegistry name ms
89 silly mapToRegistry using default registry
90 silly mapToRegistry registry https://registry.npmjs.org/
91 silly mapToRegistry uri https://registry.npmjs.org/ms
92 verbose request uri https://registry.npmjs.org/ms
93 verbose request no auth needed
94 info attempt registry request try #1 at 2:15:44 PM
95 verbose etag W/"5865d365-2c43"
96 verbose lastModified Fri, 30 Dec 2016 03:24:21 GMT
97 http request GET https://registry.npmjs.org/ms
98 http 304 https://registry.npmjs.org/ms
99 verbose headers { date: 'Sat, 28 Jan 2017 13:15:44 GMT',
99 verbose headers   via: '1.1 varnish',
99 verbose headers   'cache-control': 'max-age=300',
99 verbose headers   etag: 'W/"5865d365-2c43"',
99 verbose headers   age: '50',
99 verbose headers   connection: 'keep-alive',
99 verbose headers   'x-served-by': 'cache-lhr6325-LHR',
99 verbose headers   'x-cache': 'HIT',
99 verbose headers   'x-cache-hits': '2',
99 verbose headers   'x-timer': 'S1485609344.994967,VS0,VE0',
99 verbose headers   vary: 'Accept-Encoding' }
100 silly get cb [ 304,
100 silly get   { date: 'Sat, 28 Jan 2017 13:15:44 GMT',
100 silly get     via: '1.1 varnish',
100 silly get     'cache-control': 'max-age=300',
100 silly get     etag: 'W/"5865d365-2c43"',
100 silly get     age: '50',
100 silly get     connection: 'keep-alive',
100 silly get     'x-served-by': 'cache-lhr6325-LHR',
100 silly get     'x-cache': 'HIT',
100 silly get     'x-cache-hits': '2',
100 silly get     'x-timer': 'S1485609344.994967,VS0,VE0',
100 silly get     vary: 'Accept-Encoding' } ]
101 verbose etag https://registry.npmjs.org/ms from cache
102 verbose get saving ms to /home/prevos_i/.npm/registry.npmjs.org/ms/.cache.json
103 silly resolveWithNewModule ms@0.7.2 checking installable status
104 silly cache add args [ 'ms@0.7.2', null ]
105 verbose cache add spec ms@0.7.2
106 silly cache add parsed spec Result {
106 silly cache add   raw: 'ms@0.7.2',
106 silly cache add   scope: null,
106 silly cache add   name: 'ms',
106 silly cache add   rawSpec: '0.7.2',
106 silly cache add   spec: '0.7.2',
106 silly cache add   type: 'version' }
107 silly addNamed ms@0.7.2
108 verbose addNamed "0.7.2" is a plain semver version for ms
109 silly mapToRegistry name ms
110 silly mapToRegistry using default registry
111 silly mapToRegistry registry https://registry.npmjs.org/
112 silly mapToRegistry uri https://registry.npmjs.org/ms
113 verbose addNameVersion registry:https://registry.npmjs.org/ms not in flight; fetching
114 verbose get https://registry.npmjs.org/ms not expired, no request
115 silly cache afterAdd ms@0.7.2
116 verbose afterAdd /home/prevos_i/.npm/ms/0.7.2/package/package.json not in flight; writing
117 verbose afterAdd /home/prevos_i/.npm/ms/0.7.2/package/package.json written
118 silly loadAllDepsIntoIdealTree Finishing
119 silly idealTree:prePrune my-first-chat@0.0.1
119 silly idealTree:prePrune +-- accepts@1.1.4
119 silly idealTree:prePrune +-- after@0.8.2
119 silly idealTree:prePrune +-- arraybuffer.slice@0.0.6
119 silly idealTree:prePrune +-- backo2@1.0.2
119 silly idealTree:prePrune +-- base64-arraybuffer@0.1.5
119 silly idealTree:prePrune +-- base64id@1.0.0
119 silly idealTree:prePrune +-- better-assert@1.0.2
119 silly idealTree:prePrune +-- bignumber.js@3.1.2
119 silly idealTree:prePrune +-- blob@0.0.4
119 silly idealTree:prePrune +-- bootstrap@3.3.7
119 silly idealTree:prePrune +-- callsite@1.0.0
119 silly idealTree:prePrune +-- component-bind@1.0.0
119 silly idealTree:prePrune +-- component-emitter@1.1.2
119 silly idealTree:prePrune +-- component-inherit@0.0.3
119 silly idealTree:prePrune +-- content-disposition@0.5.0
119 silly idealTree:prePrune +-- cookie-signature@1.0.5
119 silly idealTree:prePrune +-- cookie@0.1.2
119 silly idealTree:prePrune +-- core-util-is@1.0.2
119 silly idealTree:prePrune +-- crc@3.2.1
119 silly idealTree:prePrune +-- debug@2.1.3
119 silly idealTree:prePrune +-- depd@1.0.1
119 silly idealTree:prePrune +-- destroy@1.0.3
119 silly idealTree:prePrune +-- ee-first@1.1.0
119 silly idealTree:prePrune +-- engine.io-client@1.8.2
119 silly idealTree:prePrune | +-- component-emitter@1.2.1
119 silly idealTree:prePrune | +-- debug@2.3.3
119 silly idealTree:prePrune | `-- ms@0.7.2
119 silly idealTree:prePrune +-- engine.io-parser@1.3.2
119 silly idealTree:prePrune +-- engine.io@1.8.2
119 silly idealTree:prePrune | +-- accepts@1.3.3
119 silly idealTree:prePrune | +-- cookie@0.3.1
119 silly idealTree:prePrune | +-- debug@2.3.3
119 silly idealTree:prePrune | +-- mime-db@1.26.0
119 silly idealTree:prePrune | +-- mime-types@2.1.14
119 silly idealTree:prePrune | +-- ms@0.7.2
119 silly idealTree:prePrune | `-- negotiator@0.6.1
119 silly idealTree:prePrune +-- ent@2.2.0
119 silly idealTree:prePrune +-- escape-html@1.0.1
119 silly idealTree:prePrune +-- etag@1.5.1
119 silly idealTree:prePrune +-- express@4.10.2
119 silly idealTree:prePrune +-- finalhandler@0.3.2
119 silly idealTree:prePrune +-- forwarded@0.1.0
119 silly idealTree:prePrune +-- fresh@0.2.4
119 silly idealTree:prePrune +-- has-binary@0.1.7
119 silly idealTree:prePrune +-- has-cors@1.1.0
119 silly idealTree:prePrune +-- indexof@0.0.1
119 silly idealTree:prePrune +-- inherits@2.0.3
119 silly idealTree:prePrune +-- ipaddr.js@1.0.5
119 silly idealTree:prePrune +-- isarray@0.0.1
119 silly idealTree:prePrune +-- json3@3.3.2
119 silly idealTree:prePrune +-- media-typer@0.3.0
119 silly idealTree:prePrune +-- merge-descriptors@0.0.2
119 silly idealTree:prePrune +-- methods@1.1.0
119 silly idealTree:prePrune +-- mime-db@1.12.0
119 silly idealTree:prePrune +-- mime-types@2.0.14
119 silly idealTree:prePrune +-- mime@1.2.11
119 silly idealTree:prePrune +-- ms@0.7.0
119 silly idealTree:prePrune +-- mysql@2.13.0
119 silly idealTree:prePrune +-- negotiator@0.4.9
119 silly idealTree:prePrune +-- object-assign@4.1.0
119 silly idealTree:prePrune +-- object-component@0.0.3
119 silly idealTree:prePrune +-- on-finished@2.1.1
119 silly idealTree:prePrune +-- options@0.0.6
119 silly idealTree:prePrune +-- parsejson@0.0.3
119 silly idealTree:prePrune +-- parseqs@0.0.5
119 silly idealTree:prePrune +-- parseuri@0.0.5
119 silly idealTree:prePrune +-- parseurl@1.3.1
119 silly idealTree:prePrune +-- path-to-regexp@0.1.3
119 silly idealTree:prePrune +-- proxy-addr@1.0.10
119 silly idealTree:prePrune +-- qs@2.3.2
119 silly idealTree:prePrune +-- range-parser@1.0.3
119 silly idealTree:prePrune +-- readable-stream@1.1.14
119 silly idealTree:prePrune +-- send@0.10.1
119 silly idealTree:prePrune | `-- ms@0.6.2
119 silly idealTree:prePrune +-- serve-static@1.7.2
119 silly idealTree:prePrune +-- socket.io-adapter@0.5.0
119 silly idealTree:prePrune | +-- debug@2.3.3
119 silly idealTree:prePrune | `-- ms@0.7.2
119 silly idealTree:prePrune +-- socket.io-client@1.7.2
119 silly idealTree:prePrune | +-- component-emitter@1.2.1
119 silly idealTree:prePrune | +-- debug@2.3.3
119 silly idealTree:prePrune | `-- ms@0.7.2
119 silly idealTree:prePrune +-- socket.io-parser@2.3.1
119 silly idealTree:prePrune | +-- debug@2.2.0
119 silly idealTree:prePrune | `-- ms@0.7.1
119 silly idealTree:prePrune +-- socket.io@1.7.2
119 silly idealTree:prePrune | +-- debug@2.3.3
119 silly idealTree:prePrune | `-- ms@0.7.2
119 silly idealTree:prePrune +-- sqlstring@2.2.0
119 silly idealTree:prePrune +-- string_decoder@0.10.31
119 silly idealTree:prePrune +-- to-array@0.1.4
119 silly idealTree:prePrune +-- type-is@1.5.7
119 silly idealTree:prePrune +-- ultron@1.0.2
119 silly idealTree:prePrune +-- utils-merge@1.0.0
119 silly idealTree:prePrune +-- vary@1.0.1
119 silly idealTree:prePrune +-- ws@1.1.1
119 silly idealTree:prePrune +-- wtf-8@1.0.0
119 silly idealTree:prePrune +-- xmlhttprequest-ssl@1.5.3
119 silly idealTree:prePrune `-- yeast@0.1.2
120 silly loadIdealTree Finishing
121 silly currentTree my-first-chat@0.0.1
121 silly currentTree +-- accepts@1.1.4
121 silly currentTree +-- after@0.8.2
121 silly currentTree +-- arraybuffer.slice@0.0.6
121 silly currentTree +-- backo2@1.0.2
121 silly currentTree +-- base64-arraybuffer@0.1.5
121 silly currentTree +-- base64id@1.0.0
121 silly currentTree +-- better-assert@1.0.2
121 silly currentTree +-- bignumber.js@3.1.2
121 silly currentTree +-- blob@0.0.4
121 silly currentTree +-- bootstrap@3.3.7
121 silly currentTree +-- callsite@1.0.0
121 silly currentTree +-- component-bind@1.0.0
121 silly currentTree +-- component-emitter@1.1.2
121 silly currentTree +-- component-inherit@0.0.3
121 silly currentTree +-- content-disposition@0.5.0
121 silly currentTree +-- cookie-signature@1.0.5
121 silly currentTree +-- cookie@0.1.2
121 silly currentTree +-- core-util-is@1.0.2
121 silly currentTree +-- crc@3.2.1
121 silly currentTree +-- debug@2.1.3
121 silly currentTree +-- depd@1.0.1
121 silly currentTree +-- destroy@1.0.3
121 silly currentTree +-- ee-first@1.1.0
121 silly currentTree +-- engine.io-client@1.8.2
121 silly currentTree | +-- component-emitter@1.2.1
121 silly currentTree | +-- debug@2.3.3
121 silly currentTree | `-- ms@0.7.2
121 silly currentTree +-- engine.io-parser@1.3.2
121 silly currentTree +-- engine.io@1.8.2
121 silly currentTree | +-- accepts@1.3.3
121 silly currentTree | +-- cookie@0.3.1
121 silly currentTree | +-- debug@2.3.3
121 silly currentTree | +-- mime-db@1.26.0
121 silly currentTree | +-- mime-types@2.1.14
121 silly currentTree | +-- ms@0.7.2
121 silly currentTree | `-- negotiator@0.6.1
121 silly currentTree +-- ent@2.2.0
121 silly currentTree +-- escape-html@1.0.1
121 silly currentTree +-- etag@1.5.1
121 silly currentTree +-- express@4.10.2
121 silly currentTree +-- finalhandler@0.3.2
121 silly currentTree +-- forwarded@0.1.0
121 silly currentTree +-- fresh@0.2.4
121 silly currentTree +-- has-binary@0.1.7
121 silly currentTree +-- has-cors@1.1.0
121 silly currentTree +-- indexof@0.0.1
121 silly currentTree +-- inherits@2.0.3
121 silly currentTree +-- ipaddr.js@1.0.5
121 silly currentTree +-- isarray@0.0.1
121 silly currentTree +-- json3@3.3.2
121 silly currentTree +-- media-typer@0.3.0
121 silly currentTree +-- merge-descriptors@0.0.2
121 silly currentTree +-- methods@1.1.0
121 silly currentTree +-- mime-db@1.12.0
121 silly currentTree +-- mime-types@2.0.14
121 silly currentTree +-- mime@1.2.11
121 silly currentTree +-- ms@0.7.0
121 silly currentTree +-- mysql@2.13.0
121 silly currentTree +-- negotiator@0.4.9
121 silly currentTree +-- object-assign@4.1.0
121 silly currentTree +-- object-component@0.0.3
121 silly currentTree +-- on-finished@2.1.1
121 silly currentTree +-- options@0.0.6
121 silly currentTree +-- parsejson@0.0.3
121 silly currentTree +-- parseqs@0.0.5
121 silly currentTree +-- parseuri@0.0.5
121 silly currentTree +-- parseurl@1.3.1
121 silly currentTree +-- path-to-regexp@0.1.3
121 silly currentTree +-- proxy-addr@1.0.10
121 silly currentTree +-- qs@2.3.2
121 silly currentTree +-- range-parser@1.0.3
121 silly currentTree +-- readable-stream@1.1.14
121 silly currentTree +-- send@0.10.1
121 silly currentTree | `-- ms@0.6.2
121 silly currentTree +-- serve-static@1.7.2
121 silly currentTree +-- socket.io-adapter@0.5.0
121 silly currentTree | +-- debug@2.3.3
121 silly currentTree | `-- ms@0.7.2
121 silly currentTree +-- socket.io-client@1.7.2
121 silly currentTree | +-- component-emitter@1.2.1
121 silly currentTree | +-- debug@2.3.3
121 silly currentTree | `-- ms@0.7.2
121 silly currentTree +-- socket.io-parser@2.3.1
121 silly currentTree | +-- debug@2.2.0
121 silly currentTree | `-- ms@0.7.1
121 silly currentTree +-- sqlstring@2.2.0
121 silly currentTree +-- string_decoder@0.10.31
121 silly currentTree +-- to-array@0.1.4
121 silly currentTree +-- type-is@1.5.7
121 silly currentTree +-- ultron@1.0.2
121 silly currentTree +-- utils-merge@1.0.0
121 silly currentTree +-- vary@1.0.1
121 silly currentTree +-- ws@1.1.1
121 silly currentTree +-- wtf-8@1.0.0
121 silly currentTree +-- xmlhttprequest-ssl@1.5.3
121 silly currentTree `-- yeast@0.1.2
122 silly idealTree my-first-chat@0.0.1
122 silly idealTree +-- accepts@1.1.4
122 silly idealTree +-- after@0.8.2
122 silly idealTree +-- arraybuffer.slice@0.0.6
122 silly idealTree +-- backo2@1.0.2
122 silly idealTree +-- base64-arraybuffer@0.1.5
122 silly idealTree +-- base64id@1.0.0
122 silly idealTree +-- better-assert@1.0.2
122 silly idealTree +-- bignumber.js@3.1.2
122 silly idealTree +-- blob@0.0.4
122 silly idealTree +-- bootstrap@3.3.7
122 silly idealTree +-- callsite@1.0.0
122 silly idealTree +-- component-bind@1.0.0
122 silly idealTree +-- component-emitter@1.1.2
122 silly idealTree +-- component-inherit@0.0.3
122 silly idealTree +-- content-disposition@0.5.0
122 silly idealTree +-- cookie-signature@1.0.5
122 silly idealTree +-- cookie@0.1.2
122 silly idealTree +-- core-util-is@1.0.2
122 silly idealTree +-- crc@3.2.1
122 silly idealTree +-- debug@2.1.3
122 silly idealTree +-- depd@1.0.1
122 silly idealTree +-- destroy@1.0.3
122 silly idealTree +-- ee-first@1.1.0
122 silly idealTree +-- engine.io-client@1.8.2
122 silly idealTree | +-- component-emitter@1.2.1
122 silly idealTree | +-- debug@2.3.3
122 silly idealTree | `-- ms@0.7.2
122 silly idealTree +-- engine.io-parser@1.3.2
122 silly idealTree +-- engine.io@1.8.2
122 silly idealTree | +-- accepts@1.3.3
122 silly idealTree | +-- cookie@0.3.1
122 silly idealTree | +-- debug@2.3.3
122 silly idealTree | +-- mime-db@1.26.0
122 silly idealTree | +-- mime-types@2.1.14
122 silly idealTree | +-- ms@0.7.2
122 silly idealTree | `-- negotiator@0.6.1
122 silly idealTree +-- ent@2.2.0
122 silly idealTree +-- escape-html@1.0.1
122 silly idealTree +-- etag@1.5.1
122 silly idealTree +-- express@4.10.2
122 silly idealTree +-- finalhandler@0.3.2
122 silly idealTree +-- forwarded@0.1.0
122 silly idealTree +-- fresh@0.2.4
122 silly idealTree +-- has-binary@0.1.7
122 silly idealTree +-- has-cors@1.1.0
122 silly idealTree +-- indexof@0.0.1
122 silly idealTree +-- inherits@2.0.3
122 silly idealTree +-- ipaddr.js@1.0.5
122 silly idealTree +-- isarray@0.0.1
122 silly idealTree +-- json3@3.3.2
122 silly idealTree +-- media-typer@0.3.0
122 silly idealTree +-- merge-descriptors@0.0.2
122 silly idealTree +-- methods@1.1.0
122 silly idealTree +-- mime-db@1.12.0
122 silly idealTree +-- mime-types@2.0.14
122 silly idealTree +-- mime@1.2.11
122 silly idealTree +-- ms@0.7.0
122 silly idealTree +-- mysql@2.13.0
122 silly idealTree +-- negotiator@0.4.9
122 silly idealTree +-- object-assign@4.1.0
122 silly idealTree +-- object-component@0.0.3
122 silly idealTree +-- on-finished@2.1.1
122 silly idealTree +-- options@0.0.6
122 silly idealTree +-- parsejson@0.0.3
122 silly idealTree +-- parseqs@0.0.5
122 silly idealTree +-- parseuri@0.0.5
122 silly idealTree +-- parseurl@1.3.1
122 silly idealTree +-- path-to-regexp@0.1.3
122 silly idealTree +-- proxy-addr@1.0.10
122 silly idealTree +-- qs@2.3.2
122 silly idealTree +-- range-parser@1.0.3
122 silly idealTree +-- readable-stream@1.1.14
122 silly idealTree +-- send@0.10.1
122 silly idealTree | `-- ms@0.6.2
122 silly idealTree +-- serve-static@1.7.2
122 silly idealTree +-- socket.io-adapter@0.5.0
122 silly idealTree | +-- debug@2.3.3
122 silly idealTree | `-- ms@0.7.2
122 silly idealTree +-- socket.io-client@1.7.2
122 silly idealTree | +-- component-emitter@1.2.1
122 silly idealTree | +-- debug@2.3.3
122 silly idealTree | `-- ms@0.7.2
122 silly idealTree +-- socket.io-parser@2.3.1
122 silly idealTree | +-- debug@2.2.0
122 silly idealTree | `-- ms@0.7.1
122 silly idealTree +-- socket.io@1.7.2
122 silly idealTree | +-- debug@2.3.3
122 silly idealTree | `-- ms@0.7.2
122 silly idealTree +-- sqlstring@2.2.0
122 silly idealTree +-- string_decoder@0.10.31
122 silly idealTree +-- to-array@0.1.4
122 silly idealTree +-- type-is@1.5.7
122 silly idealTree +-- ultron@1.0.2
122 silly idealTree +-- utils-merge@1.0.0
122 silly idealTree +-- vary@1.0.1
122 silly idealTree +-- ws@1.1.1
122 silly idealTree +-- wtf-8@1.0.0
122 silly idealTree +-- xmlhttprequest-ssl@1.5.3
122 silly idealTree `-- yeast@0.1.2
123 silly generateActionsToTake Starting
124 silly install generateActionsToTake
125 silly generateActionsToTake Finishing
126 silly diffTrees action count 6
127 silly diffTrees add ms@0.7.2
128 silly diffTrees add debug@2.3.3
129 silly diffTrees update bootstrap@3.3.7
130 silly diffTrees update ent@2.2.0
131 silly diffTrees update express@4.10.2
132 silly diffTrees add socket.io@1.7.2
133 silly decomposeActions action count 48
134 silly decomposeActions fetch ms@0.7.2
135 silly decomposeActions extract ms@0.7.2
136 silly decomposeActions test ms@0.7.2
137 silly decomposeActions preinstall ms@0.7.2
138 silly decomposeActions build ms@0.7.2
139 silly decomposeActions install ms@0.7.2
140 silly decomposeActions postinstall ms@0.7.2
141 silly decomposeActions finalize ms@0.7.2
142 silly decomposeActions fetch debug@2.3.3
143 silly decomposeActions extract debug@2.3.3
144 silly decomposeActions test debug@2.3.3
145 silly decomposeActions preinstall debug@2.3.3
146 silly decomposeActions build debug@2.3.3
147 silly decomposeActions install debug@2.3.3
148 silly decomposeActions postinstall debug@2.3.3
149 silly decomposeActions finalize debug@2.3.3
150 silly decomposeActions fetch bootstrap@3.3.7
151 silly decomposeActions extract bootstrap@3.3.7
152 silly decomposeActions test bootstrap@3.3.7
153 silly decomposeActions preinstall bootstrap@3.3.7
154 silly decomposeActions build bootstrap@3.3.7
155 silly decomposeActions install bootstrap@3.3.7
156 silly decomposeActions postinstall bootstrap@3.3.7
157 silly decomposeActions finalize bootstrap@3.3.7
158 silly decomposeActions fetch ent@2.2.0
159 silly decomposeActions extract ent@2.2.0
160 silly decomposeActions test ent@2.2.0
161 silly decomposeActions preinstall ent@2.2.0
162 silly decomposeActions build ent@2.2.0
163 silly decomposeActions install ent@2.2.0
164 silly decomposeActions postinstall ent@2.2.0
165 silly decomposeActions finalize ent@2.2.0
166 silly decomposeActions fetch express@4.10.2
167 silly decomposeActions extract express@4.10.2
168 silly decomposeActions test express@4.10.2
169 silly decomposeActions preinstall express@4.10.2
170 silly decomposeActions build express@4.10.2
171 silly decomposeActions install express@4.10.2
172 silly decomposeActions postinstall express@4.10.2
173 silly decomposeActions finalize express@4.10.2
174 silly decomposeActions fetch socket.io@1.7.2
175 silly decomposeActions extract socket.io@1.7.2
176 silly decomposeActions test socket.io@1.7.2
177 silly decomposeActions preinstall socket.io@1.7.2
178 silly decomposeActions build socket.io@1.7.2
179 silly decomposeActions install socket.io@1.7.2
180 silly decomposeActions postinstall socket.io@1.7.2
181 silly decomposeActions finalize socket.io@1.7.2
182 silly executeActions Starting
183 silly install executeActions
184 silly doSerial global-install 0
185 silly doParallel fetch 6
186 verbose lock using /home/prevos_i/.npm/_locks/staging-ddabfaccae71c50d.lock for /home/prevos_i/hackathon/PSA/shift-happens/node_modules/.staging
187 silly doParallel extract 6
188 silly extract ms@0.7.2
189 silly extract debug@2.3.3
190 silly extract bootstrap@3.3.7
191 silly extract ent@2.2.0
192 silly extract express@4.10.2
193 silly extract socket.io@1.7.2
194 verbose unbuild node_modules/.staging/bootstrap-0a245fbb
195 verbose unbuild node_modules/.staging/ms-805525bc
196 verbose unbuild node_modules/.staging/debug-e6ded37b
197 verbose unbuild node_modules/.staging/ent-95c4ec3c
198 verbose unbuild node_modules/.staging/express-438f76d4
199 verbose unbuild node_modules/.staging/socket.io-7c3bb678
200 silly gentlyRm /home/prevos_i/hackathon/PSA/shift-happens/node_modules/.staging/bootstrap-0a245fbb is being purged from base /home/prevos_i/hackathon/PSA/shift-happens
201 verbose gentlyRm don't care about contents; nuking /home/prevos_i/hackathon/PSA/shift-happens/node_modules/.staging/bootstrap-0a245fbb
202 silly gentlyRm /home/prevos_i/hackathon/PSA/shift-happens/node_modules/.staging/ms-805525bc is being purged from base /home/prevos_i/hackathon/PSA/shift-happens
203 verbose gentlyRm don't care about contents; nuking /home/prevos_i/hackathon/PSA/shift-happens/node_modules/.staging/ms-805525bc
204 silly gentlyRm /home/prevos_i/hackathon/PSA/shift-happens/node_modules/.staging/debug-e6ded37b is being purged from base /home/prevos_i/hackathon/PSA/shift-happens
205 verbose gentlyRm don't care about contents; nuking /home/prevos_i/hackathon/PSA/shift-happens/node_modules/.staging/debug-e6ded37b
206 silly gentlyRm /home/prevos_i/hackathon/PSA/shift-happens/node_modules/.staging/ent-95c4ec3c is being purged from base /home/prevos_i/hackathon/PSA/shift-happens
207 verbose gentlyRm don't care about contents; nuking /home/prevos_i/hackathon/PSA/shift-happens/node_modules/.staging/ent-95c4ec3c
208 silly gentlyRm /home/prevos_i/hackathon/PSA/shift-happens/node_modules/.staging/express-438f76d4 is being purged from base /home/prevos_i/hackathon/PSA/shift-happens
209 verbose gentlyRm don't care about contents; nuking /home/prevos_i/hackathon/PSA/shift-happens/node_modules/.staging/express-438f76d4
210 silly gentlyRm /home/prevos_i/hackathon/PSA/shift-happens/node_modules/.staging/socket.io-7c3bb678 is being purged from base /home/prevos_i/hackathon/PSA/shift-happens
211 verbose gentlyRm don't care about contents; nuking /home/prevos_i/hackathon/PSA/shift-happens/node_modules/.staging/socket.io-7c3bb678
212 verbose tar unpack /home/prevos_i/.npm/bootstrap/3.3.7/package.tgz
213 verbose tar unpacking to /home/prevos_i/hackathon/PSA/shift-happens/node_modules/.staging/bootstrap-0a245fbb
214 silly gentlyRm /home/prevos_i/hackathon/PSA/shift-happens/node_modules/.staging/bootstrap-0a245fbb is being purged
215 verbose gentlyRm don't care about contents; nuking /home/prevos_i/hackathon/PSA/shift-happens/node_modules/.staging/bootstrap-0a245fbb
216 verbose tar unpack /home/prevos_i/.npm/ms/0.7.2/package.tgz
217 verbose tar unpacking to /home/prevos_i/hackathon/PSA/shift-happens/node_modules/.staging/ms-805525bc
218 silly gentlyRm /home/prevos_i/hackathon/PSA/shift-happens/node_modules/.staging/ms-805525bc is being purged
219 verbose gentlyRm don't care about contents; nuking /home/prevos_i/hackathon/PSA/shift-happens/node_modules/.staging/ms-805525bc
220 verbose tar unpack /home/prevos_i/.npm/debug/2.3.3/package.tgz
221 verbose tar unpacking to /home/prevos_i/hackathon/PSA/shift-happens/node_modules/.staging/debug-e6ded37b
222 silly gentlyRm /home/prevos_i/hackathon/PSA/shift-happens/node_modules/.staging/debug-e6ded37b is being purged
223 verbose gentlyRm don't care about contents; nuking /home/prevos_i/hackathon/PSA/shift-happens/node_modules/.staging/debug-e6ded37b
224 verbose tar unpack /home/prevos_i/.npm/ent/2.2.0/package.tgz
225 verbose tar unpacking to /home/prevos_i/hackathon/PSA/shift-happens/node_modules/.staging/ent-95c4ec3c
226 silly gentlyRm /home/prevos_i/hackathon/PSA/shift-happens/node_modules/.staging/ent-95c4ec3c is being purged
227 verbose gentlyRm don't care about contents; nuking /home/prevos_i/hackathon/PSA/shift-happens/node_modules/.staging/ent-95c4ec3c
228 verbose tar unpack /home/prevos_i/.npm/express/4.10.2/package.tgz
229 verbose tar unpacking to /home/prevos_i/hackathon/PSA/shift-happens/node_modules/.staging/express-438f76d4
230 silly gentlyRm /home/prevos_i/hackathon/PSA/shift-happens/node_modules/.staging/express-438f76d4 is being purged
231 verbose gentlyRm don't care about contents; nuking /home/prevos_i/hackathon/PSA/shift-happens/node_modules/.staging/express-438f76d4
232 verbose tar unpack /home/prevos_i/.npm/socket.io/1.7.2/package.tgz
233 verbose tar unpacking to /home/prevos_i/hackathon/PSA/shift-happens/node_modules/.staging/socket.io-7c3bb678
234 silly gentlyRm /home/prevos_i/hackathon/PSA/shift-happens/node_modules/.staging/socket.io-7c3bb678 is being purged
235 verbose gentlyRm don't care about contents; nuking /home/prevos_i/hackathon/PSA/shift-happens/node_modules/.staging/socket.io-7c3bb678
236 silly gunzTarPerm modes [ '755', '644' ]
237 silly gunzTarPerm modes [ '755', '644' ]
238 silly gunzTarPerm modes [ '755', '644' ]
239 silly gunzTarPerm modes [ '755', '644' ]
240 silly gunzTarPerm modes [ '755', '644' ]
241 silly gunzTarPerm modes [ '755', '644' ]
242 silly gunzTarPerm extractEntry package.json
243 silly gunzTarPerm extractEntry package.json
244 silly gunzTarPerm extractEntry package.json
245 silly gunzTarPerm extractEntry package.json
246 silly gunzTarPerm extractEntry package.json
247 silly gunzTarPerm modified mode [ 'package.json', 438, 420 ]
248 silly gunzTarPerm extractEntry package.json
249 silly gunzTarPerm modified mode [ 'package.json', 436, 420 ]
250 silly gunzTarPerm extractEntry README.md
251 silly gunzTarPerm extractEntry LICENSE
252 silly gunzTarPerm extractEntry README.md
253 silly gunzTarPerm extractEntry index.js
254 silly gunzTarPerm extractEntry .npmignore
255 silly gunzTarPerm extractEntry LICENSE
256 silly gunzTarPerm extractEntry .npmignore
257 silly gunzTarPerm extractEntry LICENSE
258 silly gunzTarPerm extractEntry LICENSE
259 silly gunzTarPerm modified mode [ 'LICENSE', 438, 420 ]
260 silly gunzTarPerm extractEntry index.js
261 silly gunzTarPerm modified mode [ 'index.js', 438, 420 ]
262 silly gunzTarPerm extractEntry LICENSE
263 silly gunzTarPerm modified mode [ 'LICENSE', 436, 420 ]
264 silly gunzTarPerm extractEntry Readme.md
265 silly gunzTarPerm modified mode [ 'Readme.md', 436, 420 ]
266 silly gunzTarPerm extractEntry Gruntfile.js
267 silly gunzTarPerm extractEntry CHANGELOG.md
268 silly gunzTarPerm extractEntry LICENSE.md
269 silly gunzTarPerm extractEntry node.js
270 silly gunzTarPerm extractEntry index.js
271 silly gunzTarPerm extractEntry decode.js
272 silly gunzTarPerm extractEntry encode.js
273 silly gunzTarPerm extractEntry History.md
274 silly gunzTarPerm modified mode [ 'History.md', 438, 420 ]
275 silly gunzTarPerm extractEntry Readme.md
276 silly gunzTarPerm modified mode [ 'Readme.md', 438, 420 ]
277 silly gunzTarPerm extractEntry lib/application.js
278 silly gunzTarPerm modified mode [ 'lib/application.js', 438, 420 ]
279 silly gunzTarPerm extractEntry lib/express.js
280 silly gunzTarPerm modified mode [ 'lib/express.js', 438, 420 ]
281 silly gunzTarPerm extractEntry lib/request.js
282 silly gunzTarPerm modified mode [ 'lib/request.js', 438, 420 ]
283 silly gunzTarPerm extractEntry lib/response.js
284 silly gunzTarPerm modified mode [ 'lib/response.js', 438, 420 ]
285 silly gunzTarPerm extractEntry lib/utils.js
286 silly gunzTarPerm modified mode [ 'lib/utils.js', 438, 420 ]
287 silly gunzTarPerm extractEntry lib/view.js
288 silly gunzTarPerm modified mode [ 'lib/view.js', 438, 420 ]
289 silly gunzTarPerm extractEntry lib/middleware/init.js
290 silly gunzTarPerm modified mode [ 'lib/middleware/init.js', 438, 420 ]
291 silly gunzTarPerm extractEntry lib/middleware/query.js
292 silly gunzTarPerm modified mode [ 'lib/middleware/query.js', 438, 420 ]
293 silly gunzTarPerm extractEntry lib/router/index.js
294 silly gunzTarPerm modified mode [ 'lib/router/index.js', 438, 420 ]
295 silly gunzTarPerm extractEntry lib/router/layer.js
296 silly gunzTarPerm modified mode [ 'lib/router/layer.js', 438, 420 ]
297 silly gunzTarPerm extractEntry lib/router/route.js
298 silly gunzTarPerm modified mode [ 'lib/router/route.js', 438, 420 ]
299 silly gunzTarPerm extractEntry lib/client.js
300 silly gunzTarPerm modified mode [ 'lib/client.js', 436, 420 ]
301 silly gunzTarPerm extractEntry debug.js
302 silly gunzTarPerm extractEntry browser.js
303 silly gunzTarPerm extractEntry bower.json
304 silly gunzTarPerm extractEntry .jshintrc
305 silly gunzTarPerm extractEntry component.json
306 silly gunzTarPerm extractEntry Readme.md
307 silly gunzTarPerm extractEntry Makefile
308 silly gunzTarPerm extractEntry CHANGELOG.md
309 silly gunzTarPerm extractEntry index.js
310 silly gunzTarPerm extractEntry entities.json
311 silly gunzTarPerm extractEntry dist/css/bootstrap-theme.css
312 silly gunzTarPerm extractEntry dist/css/bootstrap-theme.css.map
313 silly gunzTarPerm extractEntry lib/index.js
314 silly gunzTarPerm modified mode [ 'lib/index.js', 436, 420 ]
315 silly gunzTarPerm extractEntry lib/namespace.js
316 silly gunzTarPerm modified mode [ 'lib/namespace.js', 436, 420 ]
317 silly gunzTarPerm extractEntry examples/simple.js
318 silly gunzTarPerm extractEntry dist/css/bootstrap-theme.min.css
319 silly gunzTarPerm extractEntry dist/css/bootstrap-theme.min.css.map
320 silly gunzTarPerm extractEntry lib/socket.js
321 silly gunzTarPerm modified mode [ 'lib/socket.js', 436, 420 ]
322 silly gunzTarPerm extractEntry History.md
323 silly gunzTarPerm modified mode [ 'History.md', 436, 420 ]
324 silly gunzTarPerm extractEntry .travis.yml
325 silly gunzTarPerm extractEntry reversed.json
326 silly gunzTarPerm extractEntry dist/css/bootstrap.css
327 silly gunzTarPerm extractEntry dist/css/bootstrap.css.map
328 silly gunzTarPerm extractEntry readme.markdown
329 silly gunzTarPerm extractEntry test/codes.js
330 silly gentlyRm /home/prevos_i/hackathon/PSA/shift-happens/node_modules/.staging/ms-805525bc/node_modules is being purged
331 verbose gentlyRm don't care about contents; nuking /home/prevos_i/hackathon/PSA/shift-happens/node_modules/.staging/ms-805525bc/node_modules
332 silly gunzTarPerm extractEntry test/hex.js
333 silly gunzTarPerm extractEntry test/num.js
334 silly gunzTarPerm extractEntry dist/css/bootstrap.min.css
335 silly gunzTarPerm extractEntry dist/css/bootstrap.min.css.map
336 silly gentlyRm /home/prevos_i/hackathon/PSA/shift-happens/node_modules/.staging/socket.io-7c3bb678/node_modules is being purged
337 verbose gentlyRm don't care about contents; nuking /home/prevos_i/hackathon/PSA/shift-happens/node_modules/.staging/socket.io-7c3bb678/node_modules
338 silly gunzTarPerm extractEntry dist/fonts/glyphicons-halflings-regular.eot
339 silly gunzTarPerm extractEntry dist/fonts/glyphicons-halflings-regular.svg
340 silly gunzTarPerm extractEntry dist/fonts/glyphicons-halflings-regular.ttf
341 silly gunzTarPerm extractEntry dist/fonts/glyphicons-halflings-regular.woff
342 silly gentlyRm /home/prevos_i/hackathon/PSA/shift-happens/node_modules/.staging/debug-e6ded37b/node_modules is being purged
343 verbose gentlyRm don't care about contents; nuking /home/prevos_i/hackathon/PSA/shift-happens/node_modules/.staging/debug-e6ded37b/node_modules
344 silly gunzTarPerm extractEntry dist/fonts/glyphicons-halflings-regular.woff2
345 silly gunzTarPerm extractEntry dist/js/bootstrap.js
346 silly gunzTarPerm extractEntry dist/js/bootstrap.min.js
347 silly gunzTarPerm extractEntry dist/js/npm.js
348 silly gentlyRm /home/prevos_i/hackathon/PSA/shift-happens/node_modules/.staging/ent-95c4ec3c/node_modules is being purged
349 verbose gentlyRm don't care about contents; nuking /home/prevos_i/hackathon/PSA/shift-happens/node_modules/.staging/ent-95c4ec3c/node_modules
350 silly gunzTarPerm extractEntry fonts/glyphicons-halflings-regular.eot
351 silly gunzTarPerm extractEntry fonts/glyphicons-halflings-regular.svg
352 silly gunzTarPerm extractEntry fonts/glyphicons-halflings-regular.ttf
353 silly gunzTarPerm extractEntry fonts/glyphicons-halflings-regular.woff
354 silly gentlyRm /home/prevos_i/hackathon/PSA/shift-happens/node_modules/.staging/express-438f76d4/node_modules is being purged
355 verbose gentlyRm don't care about contents; nuking /home/prevos_i/hackathon/PSA/shift-happens/node_modules/.staging/express-438f76d4/node_modules
356 silly gunzTarPerm extractEntry fonts/glyphicons-halflings-regular.woff2
357 silly gunzTarPerm extractEntry grunt/bs-commonjs-generator.js
358 silly gunzTarPerm extractEntry grunt/bs-glyphicons-data-generator.js
359 silly gunzTarPerm extractEntry grunt/bs-lessdoc-parser.js
360 silly gunzTarPerm extractEntry grunt/bs-raw-files-generator.js
361 silly gunzTarPerm extractEntry grunt/change-version.js
362 silly gunzTarPerm extractEntry grunt/.jshintrc
363 silly gunzTarPerm extractEntry grunt/configBridge.json
364 silly gunzTarPerm extractEntry grunt/npm-shrinkwrap.json
365 silly gunzTarPerm extractEntry grunt/sauce_browsers.yml
366 silly gunzTarPerm extractEntry js/affix.js
367 silly gunzTarPerm extractEntry js/button.js
368 silly gunzTarPerm extractEntry js/carousel.js
369 silly gunzTarPerm extractEntry js/collapse.js
370 silly gunzTarPerm extractEntry js/dropdown.js
371 silly gunzTarPerm extractEntry js/alert.js
372 silly gunzTarPerm extractEntry js/popover.js
373 silly gunzTarPerm extractEntry js/scrollspy.js
374 silly gunzTarPerm extractEntry js/tab.js
375 silly gunzTarPerm extractEntry js/tooltip.js
376 silly gunzTarPerm extractEntry js/transition.js
377 silly gunzTarPerm extractEntry js/modal.js
378 silly gunzTarPerm extractEntry less/mixins.less
379 silly gunzTarPerm extractEntry less/alerts.less
380 silly gunzTarPerm extractEntry less/badges.less
381 silly gunzTarPerm extractEntry less/bootstrap.less
382 silly gunzTarPerm extractEntry less/breadcrumbs.less
383 silly gunzTarPerm extractEntry less/button-groups.less
384 silly gunzTarPerm extractEntry less/buttons.less
385 silly gunzTarPerm extractEntry less/carousel.less
386 silly gunzTarPerm extractEntry less/close.less
387 silly gunzTarPerm extractEntry less/code.less
388 silly gunzTarPerm extractEntry less/component-animations.less
389 silly gunzTarPerm extractEntry less/dropdowns.less
390 silly gunzTarPerm extractEntry less/forms.less
391 silly gunzTarPerm extractEntry less/glyphicons.less
392 silly gunzTarPerm extractEntry less/grid.less
393 silly gunzTarPerm extractEntry less/input-groups.less
394 silly gunzTarPerm extractEntry less/jumbotron.less
395 silly gunzTarPerm extractEntry less/labels.less
396 silly gunzTarPerm extractEntry less/list-group.less
397 silly gunzTarPerm extractEntry less/media.less
398 silly gunzTarPerm extractEntry less/mixins/nav-vertical-align.less
399 silly gunzTarPerm extractEntry less/mixins/alerts.less
400 silly gunzTarPerm extractEntry less/mixins/border-radius.less
401 silly gunzTarPerm extractEntry less/mixins/buttons.less
402 silly gunzTarPerm extractEntry less/mixins/center-block.less
403 silly gunzTarPerm extractEntry less/mixins/clearfix.less
404 silly gunzTarPerm extractEntry less/mixins/forms.less
405 silly gunzTarPerm extractEntry less/mixins/gradients.less
406 silly gunzTarPerm extractEntry less/mixins/grid-framework.less
407 silly gunzTarPerm extractEntry less/mixins/grid.less
408 silly gunzTarPerm extractEntry less/mixins/hide-text.less
409 silly gunzTarPerm extractEntry less/mixins/image.less
410 silly gunzTarPerm extractEntry less/mixins/labels.less
411 silly gunzTarPerm extractEntry less/mixins/list-group.less
412 silly gunzTarPerm extractEntry less/mixins/nav-divider.less
413 silly gunzTarPerm extractEntry less/mixins/background-variant.less
414 silly gunzTarPerm extractEntry less/mixins/opacity.less
415 silly gunzTarPerm extractEntry less/mixins/pagination.less
416 silly gunzTarPerm extractEntry less/mixins/panels.less
417 silly gunzTarPerm extractEntry less/mixins/progress-bar.less
418 silly gunzTarPerm extractEntry less/mixins/reset-filter.less
419 silly gunzTarPerm extractEntry less/mixins/reset-text.less
420 silly gunzTarPerm extractEntry less/mixins/resize.less
421 silly gunzTarPerm extractEntry less/mixins/responsive-visibility.less
422 silly gunzTarPerm extractEntry less/mixins/size.less
423 silly gunzTarPerm extractEntry less/mixins/tab-focus.less
424 silly gunzTarPerm extractEntry less/mixins/table-row.less
425 silly gunzTarPerm extractEntry less/mixins/text-emphasis.less
426 silly gunzTarPerm extractEntry less/mixins/text-overflow.less
427 silly gunzTarPerm extractEntry less/mixins/vendor-prefixes.less
428 silly gunzTarPerm extractEntry less/modals.less
429 silly gunzTarPerm extractEntry less/navbar.less
430 silly gunzTarPerm extractEntry less/navs.less
431 silly gunzTarPerm extractEntry less/normalize.less
432 silly gunzTarPerm extractEntry less/pager.less
433 silly gunzTarPerm extractEntry less/pagination.less
434 silly gunzTarPerm extractEntry less/panels.less
435 silly gunzTarPerm extractEntry less/popovers.less
436 silly gunzTarPerm extractEntry less/print.less
437 silly gunzTarPerm extractEntry less/progress-bars.less
438 silly gunzTarPerm extractEntry less/responsive-embed.less
439 silly gunzTarPerm extractEntry less/responsive-utilities.less
440 silly gunzTarPerm extractEntry less/scaffolding.less
441 silly gunzTarPerm extractEntry less/tables.less
442 silly gunzTarPerm extractEntry less/theme.less
443 silly gunzTarPerm extractEntry less/thumbnails.less
444 silly gunzTarPerm extractEntry less/tooltip.less
445 silly gunzTarPerm extractEntry less/type.less
446 silly gunzTarPerm extractEntry less/utilities.less
447 silly gunzTarPerm extractEntry less/variables.less
448 silly gunzTarPerm extractEntry less/wells.less
449 silly gentlyRm /home/prevos_i/hackathon/PSA/shift-happens/node_modules/.staging/bootstrap-0a245fbb/node_modules is being purged
450 verbose gentlyRm don't care about contents; nuking /home/prevos_i/hackathon/PSA/shift-happens/node_modules/.staging/bootstrap-0a245fbb/node_modules
451 silly doParallel preinstall 6
452 silly preinstall ms@0.7.2 /home/prevos_i/hackathon/PSA/shift-happens/node_modules/.staging/ms-805525bc
453 info lifecycle ms@0.7.2~preinstall: ms@0.7.2
454 silly preinstall debug@2.3.3 /home/prevos_i/hackathon/PSA/shift-happens/node_modules/.staging/debug-e6ded37b
455 info lifecycle debug@2.3.3~preinstall: debug@2.3.3
456 silly preinstall bootstrap@3.3.7 /home/prevos_i/hackathon/PSA/shift-happens/node_modules/.staging/bootstrap-0a245fbb
457 info lifecycle bootstrap@3.3.7~preinstall: bootstrap@3.3.7
458 silly preinstall ent@2.2.0 /home/prevos_i/hackathon/PSA/shift-happens/node_modules/.staging/ent-95c4ec3c
459 info lifecycle ent@2.2.0~preinstall: ent@2.2.0
460 silly preinstall express@4.10.2 /home/prevos_i/hackathon/PSA/shift-happens/node_modules/.staging/express-438f76d4
461 info lifecycle express@4.10.2~preinstall: express@4.10.2
462 silly preinstall socket.io@1.7.2 /home/prevos_i/hackathon/PSA/shift-happens/node_modules/.staging/socket.io-7c3bb678
463 info lifecycle socket.io@1.7.2~preinstall: socket.io@1.7.2
464 silly lifecycle ms@0.7.2~preinstall: no script for preinstall, continuing
465 silly lifecycle debug@2.3.3~preinstall: no script for preinstall, continuing
466 silly lifecycle bootstrap@3.3.7~preinstall: no script for preinstall, continuing
467 silly lifecycle ent@2.2.0~preinstall: no script for preinstall, continuing
468 silly lifecycle express@4.10.2~preinstall: no script for preinstall, continuing
469 silly lifecycle socket.io@1.7.2~preinstall: no script for preinstall, continuing
470 silly doReverseSerial remove 0
471 silly doSerial move 0
472 silly doSerial finalize 6
473 silly finalize /home/prevos_i/hackathon/PSA/shift-happens/node_modules/socket.io/node_modules/ms
474 silly finalize /home/prevos_i/hackathon/PSA/shift-happens/node_modules/socket.io/node_modules/debug
475 silly finalize /home/prevos_i/hackathon/PSA/shift-happens/node_modules/bootstrap
476 silly finalize /home/prevos_i/hackathon/PSA/shift-happens/node_modules/ent
477 silly finalize /home/prevos_i/hackathon/PSA/shift-happens/node_modules/express
478 silly finalize /home/prevos_i/hackathon/PSA/shift-happens/node_modules/socket.io
479 verbose unlock done using /home/prevos_i/.npm/_locks/staging-ddabfaccae71c50d.lock for /home/prevos_i/hackathon/PSA/shift-happens/node_modules/.staging
480 silly rollbackFailedOptional Starting
481 silly rollbackFailedOptional Finishing
482 silly runTopLevelLifecycles Starting
483 silly runTopLevelLifecycles Finishing
484 silly install printInstalled
485 warn my-first-chat@0.0.1 No repository field.
486 warn my-first-chat@0.0.1 No license field.
487 verbose stack Error: ENOTEMPTY: directory not empty, rename '/home/prevos_i/hackathon/PSA/shift-happens/node_modules/socket.io' -> '/home/prevos_i/hackathon/PSA/shift-happens/node_modules/.socket.io.DELETE'
487 verbose stack     at moveAway (/usr/share/npm/lib/install/action/finalize.js:38:5)
487 verbose stack     at destStatted (/usr/share/npm/lib/install/action/finalize.js:27:7)
487 verbose stack     at FSReqWrap.oncomplete (fs.js:82:15)
487 verbose stack
487 verbose stack Error: ENOTEMPTY: directory not empty, rename '/home/prevos_i/hackathon/PSA/shift-happens/node_modules/socket.io' -> '/home/prevos_i/hackathon/PSA/shift-happens/node_modules/.socket.io.DELETE'
487 verbose stack     at Error (native)
488 verbose cwd /home/prevos_i/hackathon/PSA/shift-happens
489 error Linux 4.4.0-21-generic
490 error argv "/usr/bin/nodejs" "/usr/bin/npm" "install"
491 error node v4.2.6
492 error npm  v3.5.2
493 error path /home/prevos_i/hackathon/PSA/shift-happens/node_modules/socket.io
494 error code ENOTEMPTY
495 error errno -39
496 error syscall rename
497 error ENOTEMPTY: directory not empty, rename '/home/prevos_i/hackathon/PSA/shift-happens/node_modules/socket.io' -> '/home/prevos_i/hackathon/PSA/shift-happens/node_modules/.socket.io.DELETE'
498 error If you need help, you may report this error at:
498 error     <https://github.com/npm/npm/issues>
499 verbose exit [ -39, true ]
